{"/Users/yuefei.ma/shopee/projects/shorten-url/src/controllers/short-url.ts": {"path":"/Users/yuefei.ma/shopee/projects/shorten-url/src/controllers/short-url.ts","statementMap":{"0":{"start":{"line":1,"column":0},"end":{"line":1,"column":53}},"1":{"start":{"line":2,"column":0},"end":{"line":2,"column":28}},"2":{"start":{"line":3,"column":0},"end":{"line":3,"column":null}},"3":{"start":{"line":11,"column":0},"end":{"line":11,"column":48}},"4":{"start":{"line":12,"column":0},"end":{"line":12,"column":57}},"5":{"start":{"line":21,"column":15},"end":{"line":21,"column":31}},"6":{"start":{"line":92,"column":9},"end":{"line":92,"column":15}},"7":{"start":{"line":22,"column":17},"end":{"line":22,"column":55}},"8":{"start":{"line":29,"column":0},"end":{"line":51,"column":2}},"9":{"start":{"line":32,"column":76},"end":{"line":50,"column":null}},"10":{"start":{"line":33,"column":21},"end":{"line":33,"column":40}},"11":{"start":{"line":34,"column":4},"end":{"line":36,"column":null}},"12":{"start":{"line":35,"column":6},"end":{"line":35,"column":76}},"13":{"start":{"line":37,"column":15},"end":{"line":37,"column":43}},"14":{"start":{"line":38,"column":16},"end":{"line":38,"column":48}},"15":{"start":{"line":39,"column":20},"end":{"line":39,"column":58}},"16":{"start":{"line":41,"column":4},"end":{"line":43,"column":null}},"17":{"start":{"line":42,"column":6},"end":{"line":42,"column":59}},"18":{"start":{"line":45,"column":4},"end":{"line":49,"column":6}},"19":{"start":{"line":58,"column":0},"end":{"line":90,"column":2}},"20":{"start":{"line":63,"column":6},"end":{"line":89,"column":null}},"21":{"start":{"line":64,"column":20},"end":{"line":64,"column":36}},"22":{"start":{"line":65,"column":4},"end":{"line":67,"column":null}},"23":{"start":{"line":66,"column":6},"end":{"line":66,"column":75}},"24":{"start":{"line":72,"column":26},"end":{"line":72,"column":47}},"25":{"start":{"line":73,"column":4},"end":{"line":76,"column":null}},"26":{"start":{"line":74,"column":6},"end":{"line":74,"column":35}},"27":{"start":{"line":75,"column":6},"end":{"line":75,"column":78}},"28":{"start":{"line":77,"column":19},"end":{"line":77,"column":57}},"29":{"start":{"line":78,"column":4},"end":{"line":80,"column":null}},"30":{"start":{"line":79,"column":6},"end":{"line":79,"column":75}},"31":{"start":{"line":81,"column":21},"end":{"line":81,"column":59}},"32":{"start":{"line":83,"column":4},"end":{"line":83,"column":36}},"33":{"start":{"line":86,"column":4},"end":{"line":86,"column":57}},"34":{"start":{"line":88,"column":4},"end":{"line":88,"column":54}}},"fnMap":{"0":{"name":"(anonymous_14)","decl":{"start":{"line":32,"column":2},"end":{"line":32,"column":9}},"loc":{"start":{"line":32,"column":76},"end":{"line":50,"column":null}}},"1":{"name":"(anonymous_15)","decl":{"start":{"line":32,"column":76},"end":{"line":32,"column":null}},"loc":{"start":{"line":32,"column":76},"end":{"line":50,"column":3}}},"2":{"name":"(anonymous_16)","decl":{"start":{"line":60,"column":2},"end":{"line":60,"column":null}},"loc":{"start":{"line":63,"column":6},"end":{"line":89,"column":null}}},"3":{"name":"(anonymous_17)","decl":{"start":{"line":63,"column":6},"end":{"line":63,"column":null}},"loc":{"start":{"line":63,"column":6},"end":{"line":89,"column":3}}}},"branchMap":{"0":{"loc":{"start":{"line":34,"column":4},"end":{"line":36,"column":null}},"type":"if","locations":[{"start":{"line":34,"column":4},"end":{"line":36,"column":null}}]},"1":{"loc":{"start":{"line":39,"column":20},"end":{"line":39,"column":58}},"type":"cond-expr","locations":[{"start":{"line":39,"column":26},"end":{"line":39,"column":46}},{"start":{"line":39,"column":49},"end":{"line":39,"column":58}}]},"2":{"loc":{"start":{"line":41,"column":4},"end":{"line":43,"column":null}},"type":"if","locations":[{"start":{"line":41,"column":4},"end":{"line":43,"column":null}}]},"3":{"loc":{"start":{"line":65,"column":4},"end":{"line":67,"column":null}},"type":"if","locations":[{"start":{"line":65,"column":4},"end":{"line":67,"column":null}}]},"4":{"loc":{"start":{"line":73,"column":4},"end":{"line":76,"column":null}},"type":"if","locations":[{"start":{"line":73,"column":4},"end":{"line":76,"column":null}}]},"5":{"loc":{"start":{"line":78,"column":4},"end":{"line":80,"column":null}},"type":"if","locations":[{"start":{"line":78,"column":4},"end":{"line":80,"column":null}}]}},"s":{"0":1,"1":1,"2":1,"3":1,"4":1,"5":1,"6":1,"7":1,"8":1,"9":3,"10":3,"11":3,"12":1,"13":2,"14":2,"15":2,"16":2,"17":1,"18":2,"19":1,"20":3,"21":3,"22":3,"23":1,"24":2,"25":2,"26":1,"27":1,"28":1,"29":1,"30":0,"31":1,"32":1,"33":1,"34":1},"f":{"0":3,"1":3,"2":3,"3":3},"b":{"0":[1],"1":[1,1],"2":[1],"3":[1],"4":[1],"5":[0]}}
,"/Users/yuefei.ma/shopee/projects/shorten-url/src/libs/db-connection.ts": {"path":"/Users/yuefei.ma/shopee/projects/shorten-url/src/libs/db-connection.ts","statementMap":{"0":{"start":{"line":1,"column":0},"end":{"line":1,"column":23}},"1":{"start":{"line":2,"column":0},"end":{"line":2,"column":38}},"2":{"start":{"line":3,"column":18},"end":{"line":13,"column":null}},"3":{"start":{"line":27,"column":9},"end":{"line":27,"column":18}},"4":{"start":{"line":16,"column":14},"end":{"line":26,"column":2}},"5":{"start":{"line":16,"column":40},"end":{"line":26,"column":2}},"6":{"start":{"line":17,"column":2},"end":{"line":25,"column":7}},"7":{"start":{"line":20,"column":6},"end":{"line":20,"column":47}},"8":{"start":{"line":23,"column":6},"end":{"line":23,"column":25}},"9":{"start":{"line":24,"column":6},"end":{"line":24,"column":22}},"10":{"start":{"line":27,"column":20},"end":{"line":27,"column":25}}},"fnMap":{"0":{"name":"(anonymous_7)","decl":{"start":{"line":16,"column":14},"end":{"line":16,"column":38}},"loc":{"start":{"line":16,"column":40},"end":{"line":26,"column":2}}},"1":{"name":"(anonymous_8)","decl":{"start":{"line":16,"column":40},"end":{"line":16,"column":null}},"loc":{"start":{"line":16,"column":40},"end":{"line":26,"column":1}}},"2":{"name":"(anonymous_9)","decl":{"start":{"line":19,"column":10},"end":{"line":19,"column":13}},"loc":{"start":{"line":19,"column":15},"end":{"line":21,"column":5}}},"3":{"name":"(anonymous_10)","decl":{"start":{"line":22,"column":11},"end":{"line":22,"column":12}},"loc":{"start":{"line":22,"column":19},"end":{"line":25,"column":5}}}},"branchMap":{},"s":{"0":1,"1":1,"2":1,"3":1,"4":1,"5":0,"6":0,"7":0,"8":0,"9":0,"10":1},"f":{"0":0,"1":0,"2":0,"3":0},"b":{}}
,"/Users/yuefei.ma/shopee/projects/shorten-url/src/libs/redis-connection.ts": {"path":"/Users/yuefei.ma/shopee/projects/shorten-url/src/libs/redis-connection.ts","statementMap":{"0":{"start":{"line":1,"column":0},"end":{"line":1,"column":23}},"1":{"start":{"line":2,"column":0},"end":{"line":2,"column":28}},"2":{"start":{"line":3,"column":0},"end":{"line":3,"column":38}},"3":{"start":{"line":5,"column":14},"end":{"line":9,"column":2}},"4":{"start":{"line":22,"column":9},"end":{"line":22,"column":14}},"5":{"start":{"line":11,"column":16},"end":{"line":11,"column":34}},"6":{"start":{"line":13,"column":2},"end":{"line":13,"column":46}},"7":{"start":{"line":15,"column":0},"end":{"line":15,"column":27}},"8":{"start":{"line":17,"column":0},"end":{"line":20,"column":3}},"9":{"start":{"line":18,"column":2},"end":{"line":18,"column":48}},"10":{"start":{"line":19,"column":2},"end":{"line":19,"column":18}}},"fnMap":{"0":{"name":"onReady","decl":{"start":{"line":12,"column":15},"end":{"line":12,"column":22}},"loc":{"start":{"line":12,"column":22},"end":{"line":14,"column":null}}},"1":{"name":"(anonymous_10)","decl":{"start":{"line":17,"column":18},"end":{"line":17,"column":19}},"loc":{"start":{"line":17,"column":26},"end":{"line":20,"column":1}}}},"branchMap":{},"s":{"0":1,"1":1,"2":1,"3":1,"4":1,"5":1,"6":1,"7":1,"8":1,"9":0,"10":0},"f":{"0":1,"1":0},"b":{}}
,"/Users/yuefei.ma/shopee/projects/shorten-url/src/libs/utils.ts": {"path":"/Users/yuefei.ma/shopee/projects/shorten-url/src/libs/utils.ts","statementMap":{"0":{"start":{"line":1,"column":0},"end":{"line":1,"column":33}},"1":{"start":{"line":3,"column":13},"end":{"line":3,"column":77}},"2":{"start":{"line":6,"column":2},"end":{"line":6,"column":38}},"3":{"start":{"line":4,"column":0},"end":{"line":4,"column":16}},"4":{"start":{"line":10,"column":2},"end":{"line":10,"column":31}},"5":{"start":{"line":9,"column":0},"end":{"line":9,"column":16}},"6":{"start":{"line":13,"column":22},"end":{"line":13,"column":24}},"7":{"start":{"line":14,"column":2},"end":{"line":17,"column":null}},"8":{"start":{"line":15,"column":4},"end":{"line":15,"column":26}},"9":{"start":{"line":16,"column":4},"end":{"line":16,"column":29}},"10":{"start":{"line":18,"column":2},"end":{"line":18,"column":30}},"11":{"start":{"line":12,"column":0},"end":{"line":12,"column":16}},"12":{"start":{"line":22,"column":11},"end":{"line":22,"column":12}},"13":{"start":{"line":23,"column":2},"end":{"line":33,"column":null}},"14":{"start":{"line":23,"column":15},"end":{"line":23,"column":16}},"15":{"start":{"line":24,"column":4},"end":{"line":26,"column":null}},"16":{"start":{"line":25,"column":6},"end":{"line":25,"column":60}},"17":{"start":{"line":27,"column":4},"end":{"line":29,"column":null}},"18":{"start":{"line":28,"column":6},"end":{"line":28,"column":65}},"19":{"start":{"line":30,"column":4},"end":{"line":32,"column":null}},"20":{"start":{"line":31,"column":6},"end":{"line":31,"column":65}},"21":{"start":{"line":34,"column":2},"end":{"line":34,"column":12}},"22":{"start":{"line":21,"column":0},"end":{"line":21,"column":16}},"23":{"start":{"line":41,"column":2},"end":{"line":44,"column":4}},"24":{"start":{"line":37,"column":0},"end":{"line":37,"column":16}},"25":{"start":{"line":53,"column":2},"end":{"line":56,"column":4}},"26":{"start":{"line":47,"column":0},"end":{"line":47,"column":16}}},"fnMap":{"0":{"name":"isValidBase62Str","decl":{"start":{"line":4,"column":16},"end":{"line":4,"column":32}},"loc":{"start":{"line":4,"column":42},"end":{"line":7,"column":1}}},"1":{"name":"isValidUrl","decl":{"start":{"line":9,"column":16},"end":{"line":9,"column":26}},"loc":{"start":{"line":9,"column":38},"end":{"line":11,"column":1}}},"2":{"name":"encodeId2Base62Str","decl":{"start":{"line":12,"column":16},"end":{"line":12,"column":34}},"loc":{"start":{"line":12,"column":45},"end":{"line":19,"column":1}}},"3":{"name":"decodeBase62Str2Id","decl":{"start":{"line":21,"column":16},"end":{"line":21,"column":34}},"loc":{"start":{"line":21,"column":44},"end":{"line":35,"column":1}}},"4":{"name":"failureResp","decl":{"start":{"line":37,"column":16},"end":{"line":37,"column":27}},"loc":{"start":{"line":37,"column":42},"end":{"line":45,"column":1}}},"5":{"name":"successResp","decl":{"start":{"line":47,"column":16},"end":{"line":47,"column":27}},"loc":{"start":{"line":48,"column":9},"end":{"line":57,"column":1}}}},"branchMap":{"0":{"loc":{"start":{"line":24,"column":4},"end":{"line":26,"column":null}},"type":"if","locations":[{"start":{"line":24,"column":4},"end":{"line":26,"column":null}}]},"1":{"loc":{"start":{"line":24,"column":8},"end":{"line":24,"column":34}},"type":"binary-expr","locations":[{"start":{"line":24,"column":8},"end":{"line":24,"column":19}},{"start":{"line":24,"column":23},"end":{"line":24,"column":34}}]},"2":{"loc":{"start":{"line":27,"column":4},"end":{"line":29,"column":null}},"type":"if","locations":[{"start":{"line":27,"column":4},"end":{"line":29,"column":null}}]},"3":{"loc":{"start":{"line":27,"column":8},"end":{"line":27,"column":34}},"type":"binary-expr","locations":[{"start":{"line":27,"column":8},"end":{"line":27,"column":19}},{"start":{"line":27,"column":23},"end":{"line":27,"column":34}}]},"4":{"loc":{"start":{"line":30,"column":4},"end":{"line":32,"column":null}},"type":"if","locations":[{"start":{"line":30,"column":4},"end":{"line":32,"column":null}}]},"5":{"loc":{"start":{"line":30,"column":8},"end":{"line":30,"column":34}},"type":"binary-expr","locations":[{"start":{"line":30,"column":8},"end":{"line":30,"column":19}},{"start":{"line":30,"column":23},"end":{"line":30,"column":34}}]}},"s":{"0":2,"1":2,"2":3,"3":2,"4":3,"5":2,"6":3,"7":3,"8":7,"9":7,"10":3,"11":2,"12":4,"13":4,"14":4,"15":14,"16":14,"17":14,"18":0,"19":14,"20":0,"21":4,"22":2,"23":2,"24":2,"25":4,"26":2},"f":{"0":3,"1":3,"2":3,"3":4,"4":2,"5":4},"b":{"0":[14],"1":[14,14],"2":[0],"3":[14,14],"4":[0],"5":[14,14]}}
,"/Users/yuefei.ma/shopee/projects/shorten-url/src/middlewares/cache.ts": {"path":"/Users/yuefei.ma/shopee/projects/shorten-url/src/middlewares/cache.ts","statementMap":{"0":{"start":{"line":2,"column":0},"end":{"line":2,"column":49}},"1":{"start":{"line":9,"column":19},"end":{"line":9,"column":55}},"2":{"start":{"line":10,"column":2},"end":{"line":18,"column":null}},"3":{"start":{"line":11,"column":4},"end":{"line":11,"column":35}},"4":{"start":{"line":12,"column":4},"end":{"line":15,"column":7}},"5":{"start":{"line":17,"column":4},"end":{"line":17,"column":11}},"6":{"start":{"line":4,"column":0},"end":{"line":4,"column":22}}},"fnMap":{"0":{"name":"hasCache","decl":{"start":{"line":4,"column":22},"end":{"line":4,"column":30}},"loc":{"start":{"line":7,"column":20},"end":{"line":19,"column":null}}}},"branchMap":{"0":{"loc":{"start":{"line":10,"column":2},"end":{"line":18,"column":null}},"type":"if","locations":[{"start":{"line":10,"column":2},"end":{"line":18,"column":null}},{"start":{"line":16,"column":9},"end":{"line":18,"column":null}}]}},"s":{"0":1,"1":4,"2":4,"3":1,"4":1,"5":3,"6":1},"f":{"0":4},"b":{"0":[1,3]}}
,"/Users/yuefei.ma/shopee/projects/shorten-url/src/services/models.ts": {"path":"/Users/yuefei.ma/shopee/projects/shorten-url/src/services/models.ts","statementMap":{"0":{"start":{"line":1,"column":0},"end":{"line":1,"column":44}},"1":{"start":{"line":2,"column":0},"end":{"line":2,"column":50}},"2":{"start":{"line":4,"column":22},"end":{"line":16,"column":null}},"3":{"start":{"line":19,"column":9},"end":{"line":19,"column":22}}},"fnMap":{},"branchMap":{},"s":{"0":1,"1":1,"2":1,"3":1},"f":{},"b":{}}
,"/Users/yuefei.ma/shopee/projects/shorten-url/src/services/short-url.ts": {"path":"/Users/yuefei.ma/shopee/projects/shorten-url/src/services/short-url.ts","statementMap":{"0":{"start":{"line":1,"column":0},"end":{"line":1,"column":49}},"1":{"start":{"line":2,"column":0},"end":{"line":2,"column":41}},"2":{"start":{"line":5,"column":2},"end":{"line":5,"column":42}},"3":{"start":{"line":4,"column":0},"end":{"line":4,"column":22}},"4":{"start":{"line":9,"column":2},"end":{"line":16,"column":null}},"5":{"start":{"line":10,"column":19},"end":{"line":12,"column":6}},"6":{"start":{"line":13,"column":4},"end":{"line":13,"column":18}},"7":{"start":{"line":15,"column":4},"end":{"line":15,"column":21}},"8":{"start":{"line":8,"column":0},"end":{"line":8,"column":22}},"9":{"start":{"line":20,"column":2},"end":{"line":24,"column":null}},"10":{"start":{"line":21,"column":4},"end":{"line":21,"column":30}},"11":{"start":{"line":23,"column":4},"end":{"line":23,"column":21}},"12":{"start":{"line":19,"column":0},"end":{"line":19,"column":22}}},"fnMap":{"0":{"name":"getUrl","decl":{"start":{"line":4,"column":22},"end":{"line":4,"column":28}},"loc":{"start":{"line":4,"column":39},"end":{"line":6,"column":null}}},"1":{"name":"saveUrl","decl":{"start":{"line":8,"column":22},"end":{"line":8,"column":29}},"loc":{"start":{"line":8,"column":45},"end":{"line":17,"column":null}}},"2":{"name":"saveToRedis","decl":{"start":{"line":19,"column":22},"end":{"line":19,"column":33}},"loc":{"start":{"line":19,"column":58},"end":{"line":25,"column":null}}}},"branchMap":{},"s":{"0":1,"1":1,"2":2,"3":1,"4":1,"5":1,"6":1,"7":0,"8":1,"9":2,"10":2,"11":0,"12":1},"f":{"0":2,"1":1,"2":2},"b":{}}
}
