TN:
SF:src/controllers/short-url.ts
FN:32,(anonymous_14)
FN:32,(anonymous_15)
FN:60,(anonymous_16)
FN:63,(anonymous_17)
FNF:4
FNH:4
FNDA:3,(anonymous_14)
FNDA:3,(anonymous_15)
FNDA:3,(anonymous_16)
FNDA:3,(anonymous_17)
DA:1,1
DA:2,1
DA:3,1
DA:11,1
DA:12,1
DA:21,1
DA:22,1
DA:29,1
DA:32,3
DA:33,3
DA:34,3
DA:35,1
DA:37,2
DA:38,2
DA:39,2
DA:41,2
DA:42,1
DA:45,2
DA:58,1
DA:63,3
DA:64,3
DA:65,3
DA:66,1
DA:72,2
DA:73,2
DA:74,1
DA:75,1
DA:77,1
DA:78,1
DA:79,0
DA:81,1
DA:83,1
DA:86,1
DA:88,1
DA:92,1
LF:35
LH:34
BRDA:34,0,0,1
BRDA:39,1,0,1
BRDA:39,1,1,1
BRDA:41,2,0,1
BRDA:65,3,0,1
BRDA:73,4,0,1
BRDA:78,5,0,0
BRF:7
BRH:6
end_of_record
TN:
SF:src/libs/db-connection.ts
FN:16,(anonymous_7)
FN:16,(anonymous_8)
FN:19,(anonymous_9)
FN:22,(anonymous_10)
FNF:4
FNH:0
FNDA:0,(anonymous_7)
FNDA:0,(anonymous_8)
FNDA:0,(anonymous_9)
FNDA:0,(anonymous_10)
DA:1,1
DA:2,1
DA:3,1
DA:16,1
DA:17,0
DA:20,0
DA:23,0
DA:24,0
DA:27,1
LF:9
LH:5
BRF:0
BRH:0
end_of_record
TN:
SF:src/libs/redis-connection.ts
FN:12,onReady
FN:17,(anonymous_10)
FNF:2
FNH:1
FNDA:1,onReady
FNDA:0,(anonymous_10)
DA:1,1
DA:2,1
DA:3,1
DA:5,1
DA:11,1
DA:13,1
DA:15,1
DA:17,1
DA:18,0
DA:19,0
DA:22,1
LF:11
LH:9
BRF:0
BRH:0
end_of_record
TN:
SF:src/libs/utils.ts
FN:4,isValidBase62Str
FN:9,isValidUrl
FN:12,encodeId2Base62Str
FN:21,decodeBase62Str2Id
FN:37,failureResp
FN:47,successResp
FNF:6
FNH:6
FNDA:3,isValidBase62Str
FNDA:3,isValidUrl
FNDA:3,encodeId2Base62Str
FNDA:4,decodeBase62Str2Id
FNDA:2,failureResp
FNDA:4,successResp
DA:1,2
DA:3,2
DA:4,2
DA:6,3
DA:9,2
DA:10,3
DA:12,2
DA:13,3
DA:14,3
DA:15,7
DA:16,7
DA:18,3
DA:21,2
DA:22,4
DA:23,4
DA:24,14
DA:25,14
DA:27,14
DA:28,0
DA:30,14
DA:31,0
DA:34,4
DA:37,2
DA:41,2
DA:47,2
DA:53,4
LF:26
LH:24
BRDA:24,0,0,14
BRDA:24,1,0,14
BRDA:24,1,1,14
BRDA:27,2,0,0
BRDA:27,3,0,14
BRDA:27,3,1,14
BRDA:30,4,0,0
BRDA:30,5,0,14
BRDA:30,5,1,14
BRF:9
BRH:7
end_of_record
TN:
SF:src/middlewares/cache.ts
FN:4,hasCache
FNF:1
FNH:1
FNDA:4,hasCache
DA:2,1
DA:4,1
DA:9,4
DA:10,4
DA:11,1
DA:12,1
DA:17,3
LF:7
LH:7
BRDA:10,0,0,1
BRDA:10,0,1,3
BRF:2
BRH:2
end_of_record
TN:
SF:src/services/models.ts
FNF:0
FNH:0
DA:1,1
DA:2,1
DA:4,1
DA:19,1
LF:4
LH:4
BRF:0
BRH:0
end_of_record
TN:
SF:src/services/short-url.ts
FN:4,getUrl
FN:8,saveUrl
FN:19,saveToRedis
FNF:3
FNH:3
FNDA:2,getUrl
FNDA:1,saveUrl
FNDA:2,saveToRedis
DA:1,1
DA:2,1
DA:4,1
DA:5,2
DA:8,1
DA:9,1
DA:10,1
DA:13,1
DA:15,0
DA:19,1
DA:20,2
DA:21,2
DA:23,0
LF:13
LH:11
BRF:0
BRH:0
end_of_record
